[debug] [2023-01-26T20:28:06.664Z] ----------------------------------------------------------------------
[debug] [2023-01-26T20:28:06.665Z] Command:       /Users/maxjackson/.nvm/versions/node/v16.15.1/bin/node /Users/maxjackson/.nvm/versions/node/v16.15.1/bin/firebase deploy
[debug] [2023-01-26T20:28:06.665Z] CLI Version:   11.21.0
[debug] [2023-01-26T20:28:06.665Z] Platform:      darwin
[debug] [2023-01-26T20:28:06.666Z] Node Version:  v16.15.1
[debug] [2023-01-26T20:28:06.670Z] Time:          Thu Jan 26 2023 15:28:06 GMT-0500 (Eastern Standard Time)
[debug] [2023-01-26T20:28:06.671Z] ----------------------------------------------------------------------
[debug] 
[debug] [2023-01-26T20:28:06.702Z] > command requires scopes: ["email","openid","https://www.googleapis.com/auth/cloudplatformprojects.readonly","https://www.googleapis.com/auth/firebase","https://www.googleapis.com/auth/cloud-platform"]
[debug] [2023-01-26T20:28:06.702Z] > authorizing via signed-in user (modulations@gmail.com)
[debug] [2023-01-26T20:28:06.703Z] [iam] checking project such-service for permissions ["firebase.projects.get","firebasehosting.sites.update"]
[debug] [2023-01-26T20:28:06.704Z] >>> [apiv2][query] POST https://cloudresourcemanager.googleapis.com/v1/projects/such-service:testIamPermissions [none]
[debug] [2023-01-26T20:28:06.704Z] >>> [apiv2][(partial)header] POST https://cloudresourcemanager.googleapis.com/v1/projects/such-service:testIamPermissions x-goog-quota-user=projects/such-service
[debug] [2023-01-26T20:28:06.704Z] >>> [apiv2][body] POST https://cloudresourcemanager.googleapis.com/v1/projects/such-service:testIamPermissions {"permissions":["firebase.projects.get","firebasehosting.sites.update"]}
[debug] [2023-01-26T20:28:06.852Z] <<< [apiv2][status] POST https://cloudresourcemanager.googleapis.com/v1/projects/such-service:testIamPermissions 200
[debug] [2023-01-26T20:28:06.853Z] <<< [apiv2][body] POST https://cloudresourcemanager.googleapis.com/v1/projects/such-service:testIamPermissions {"permissions":["firebase.projects.get","firebasehosting.sites.update"]}
[debug] [2023-01-26T20:28:06.853Z] >>> [apiv2][query] GET https://firebase.googleapis.com/v1beta1/projects/such-service [none]
[debug] [2023-01-26T20:28:07.113Z] <<< [apiv2][status] GET https://firebase.googleapis.com/v1beta1/projects/such-service 200
[debug] [2023-01-26T20:28:07.113Z] <<< [apiv2][body] GET https://firebase.googleapis.com/v1beta1/projects/such-service {"projectId":"such-service","projectNumber":"509163882333","displayName":"such-service","name":"projects/such-service","resources":{"hostingSite":"such-service"},"state":"ACTIVE","etag":"1_4541288c-d9d3-413a-bb2f-ea2bfdf9c89b"}
[debug] [2023-01-26T20:28:07.806Z] >>> [apiv2][query] GET https://firebasehosting.googleapis.com/v1beta1/projects/such-service/sites pageToken=&pageSize=10
[debug] [2023-01-26T20:28:08.288Z] <<< [apiv2][status] GET https://firebasehosting.googleapis.com/v1beta1/projects/such-service/sites 200
[debug] [2023-01-26T20:28:08.288Z] <<< [apiv2][body] GET https://firebasehosting.googleapis.com/v1beta1/projects/such-service/sites {"sites":[{"name":"projects/such-service/sites/such-gallery","defaultUrl":"https://such-gallery.web.app","appId":"1:509163882333:web:5ac2819f1954cbd37c8ab4","type":"USER_SITE"},{"name":"projects/such-service/sites/such-service","defaultUrl":"https://such-service.web.app","type":"DEFAULT_SITE"}]}
[debug] [2023-01-26T20:28:08.289Z] >>> [apiv2][query] GET https://firebasehosting.googleapis.com/v1beta1/projects/such-service/sites 
[debug] [2023-01-26T20:28:08.702Z] <<< [apiv2][status] GET https://firebasehosting.googleapis.com/v1beta1/projects/such-service/sites 200
[debug] [2023-01-26T20:28:08.703Z] <<< [apiv2][body] GET https://firebasehosting.googleapis.com/v1beta1/projects/such-service/sites {"sites":[{"name":"projects/such-service/sites/such-gallery","defaultUrl":"https://such-gallery.web.app","appId":"1:509163882333:web:5ac2819f1954cbd37c8ab4","type":"USER_SITE"},{"name":"projects/such-service/sites/such-service","defaultUrl":"https://such-service.web.app","type":"DEFAULT_SITE"}]}
[debug] [2023-01-26T20:28:08.703Z] >>> [apiv2][query] GET https://firebase.googleapis.com/v1beta1/projects/such-service/webApps/-/config [none]
[debug] [2023-01-26T20:28:09.096Z] <<< [apiv2][status] GET https://firebase.googleapis.com/v1beta1/projects/such-service/webApps/-/config 200
[debug] [2023-01-26T20:28:09.096Z] <<< [apiv2][body] GET https://firebase.googleapis.com/v1beta1/projects/such-service/webApps/-/config {"projectId":"such-service","appId":"1:509163882333:web:5ac2819f1954cbd37c8ab4","storageBucket":"such-service.appspot.com","apiKey":"AIzaSyDw-mcMLn6dVHYG2Rsi_TFaKDKd86sR5UU","authDomain":"such-service.firebaseapp.com","messagingSenderId":"509163882333","measurementId":"G-DV0M362HTP"}
[debug] [2023-01-26T20:28:10.040Z] Error: Invalid environment variables
    at file:///Users/maxjackson/workspace/such.gallery/suchgallery/src/env/server.mjs:16:9
    at ModuleJob.run (node:internal/modules/esm/module_job:198:25)
    at async Promise.all (index 0)
    at async ESMLoader.import (node:internal/modules/esm/loader:385:24)
    at async file:///Users/maxjackson/workspace/such.gallery/suchgallery/next.config.mjs:6:38
[error] 
[error] Error: An unexpected error has occurred.
[debug] [2023-01-26T20:30:23.333Z] ----------------------------------------------------------------------
[debug] [2023-01-26T20:30:23.334Z] Command:       /Users/maxjackson/.nvm/versions/node/v16.15.1/bin/node /Users/maxjackson/.nvm/versions/node/v16.15.1/bin/firebase deploy
[debug] [2023-01-26T20:30:23.334Z] CLI Version:   11.21.0
[debug] [2023-01-26T20:30:23.334Z] Platform:      darwin
[debug] [2023-01-26T20:30:23.334Z] Node Version:  v16.15.1
[debug] [2023-01-26T20:30:23.340Z] Time:          Thu Jan 26 2023 15:30:23 GMT-0500 (Eastern Standard Time)
[debug] [2023-01-26T20:30:23.340Z] ----------------------------------------------------------------------
[debug] 
[debug] [2023-01-26T20:30:23.377Z] > command requires scopes: ["email","openid","https://www.googleapis.com/auth/cloudplatformprojects.readonly","https://www.googleapis.com/auth/firebase","https://www.googleapis.com/auth/cloud-platform"]
[debug] [2023-01-26T20:30:23.377Z] > authorizing via signed-in user (modulations@gmail.com)
[debug] [2023-01-26T20:30:23.377Z] [iam] checking project such-service for permissions ["firebase.projects.get","firebasehosting.sites.update"]
[debug] [2023-01-26T20:30:23.379Z] >>> [apiv2][query] POST https://cloudresourcemanager.googleapis.com/v1/projects/such-service:testIamPermissions [none]
[debug] [2023-01-26T20:30:23.379Z] >>> [apiv2][(partial)header] POST https://cloudresourcemanager.googleapis.com/v1/projects/such-service:testIamPermissions x-goog-quota-user=projects/such-service
[debug] [2023-01-26T20:30:23.379Z] >>> [apiv2][body] POST https://cloudresourcemanager.googleapis.com/v1/projects/such-service:testIamPermissions {"permissions":["firebase.projects.get","firebasehosting.sites.update"]}
[debug] [2023-01-26T20:30:23.563Z] <<< [apiv2][status] POST https://cloudresourcemanager.googleapis.com/v1/projects/such-service:testIamPermissions 200
[debug] [2023-01-26T20:30:23.563Z] <<< [apiv2][body] POST https://cloudresourcemanager.googleapis.com/v1/projects/such-service:testIamPermissions {"permissions":["firebase.projects.get","firebasehosting.sites.update"]}
[debug] [2023-01-26T20:30:23.564Z] >>> [apiv2][query] GET https://firebase.googleapis.com/v1beta1/projects/such-service [none]
[debug] [2023-01-26T20:30:23.868Z] <<< [apiv2][status] GET https://firebase.googleapis.com/v1beta1/projects/such-service 200
[debug] [2023-01-26T20:30:23.868Z] <<< [apiv2][body] GET https://firebase.googleapis.com/v1beta1/projects/such-service {"projectId":"such-service","projectNumber":"509163882333","displayName":"such-service","name":"projects/such-service","resources":{"hostingSite":"such-service"},"state":"ACTIVE","etag":"1_4541288c-d9d3-413a-bb2f-ea2bfdf9c89b"}
[debug] [2023-01-26T20:30:24.542Z] >>> [apiv2][query] GET https://firebasehosting.googleapis.com/v1beta1/projects/such-service/sites pageToken=&pageSize=10
[debug] [2023-01-26T20:30:24.989Z] <<< [apiv2][status] GET https://firebasehosting.googleapis.com/v1beta1/projects/such-service/sites 200
[debug] [2023-01-26T20:30:24.990Z] <<< [apiv2][body] GET https://firebasehosting.googleapis.com/v1beta1/projects/such-service/sites {"sites":[{"name":"projects/such-service/sites/such-gallery","defaultUrl":"https://such-gallery.web.app","appId":"1:509163882333:web:5ac2819f1954cbd37c8ab4","type":"USER_SITE"},{"name":"projects/such-service/sites/such-service","defaultUrl":"https://such-service.web.app","type":"DEFAULT_SITE"}]}
[debug] [2023-01-26T20:30:24.990Z] >>> [apiv2][query] GET https://firebasehosting.googleapis.com/v1beta1/projects/such-service/sites 
[debug] [2023-01-26T20:30:25.424Z] <<< [apiv2][status] GET https://firebasehosting.googleapis.com/v1beta1/projects/such-service/sites 200
[debug] [2023-01-26T20:30:25.425Z] <<< [apiv2][body] GET https://firebasehosting.googleapis.com/v1beta1/projects/such-service/sites {"sites":[{"name":"projects/such-service/sites/such-gallery","defaultUrl":"https://such-gallery.web.app","appId":"1:509163882333:web:5ac2819f1954cbd37c8ab4","type":"USER_SITE"},{"name":"projects/such-service/sites/such-service","defaultUrl":"https://such-service.web.app","type":"DEFAULT_SITE"}]}
[debug] [2023-01-26T20:30:25.425Z] >>> [apiv2][query] GET https://firebase.googleapis.com/v1beta1/projects/such-service/webApps/-/config [none]
[debug] [2023-01-26T20:30:25.808Z] <<< [apiv2][status] GET https://firebase.googleapis.com/v1beta1/projects/such-service/webApps/-/config 200
[debug] [2023-01-26T20:30:25.808Z] <<< [apiv2][body] GET https://firebase.googleapis.com/v1beta1/projects/such-service/webApps/-/config {"projectId":"such-service","appId":"1:509163882333:web:5ac2819f1954cbd37c8ab4","storageBucket":"such-service.appspot.com","apiKey":"AIzaSyDw-mcMLn6dVHYG2Rsi_TFaKDKd86sR5UU","authDomain":"such-service.firebaseapp.com","messagingSenderId":"509163882333","measurementId":"G-DV0M362HTP"}
[debug] [2023-01-26T20:30:26.725Z] Error: Invalid environment variables
    at file:///Users/maxjackson/workspace/such.gallery/suchgallery/src/env/server.mjs:16:9
    at ModuleJob.run (node:internal/modules/esm/module_job:198:25)
    at async Promise.all (index 0)
    at async ESMLoader.import (node:internal/modules/esm/loader:385:24)
    at async file:///Users/maxjackson/workspace/such.gallery/suchgallery/next.config.mjs:6:38
[error] 
[error] Error: An unexpected error has occurred.
[debug] [2023-01-26T20:31:38.915Z] ----------------------------------------------------------------------
[debug] [2023-01-26T20:31:38.916Z] Command:       /Users/maxjackson/.nvm/versions/node/v16.15.1/bin/node /Users/maxjackson/.nvm/versions/node/v16.15.1/bin/firebase deploy
[debug] [2023-01-26T20:31:38.916Z] CLI Version:   11.21.0
[debug] [2023-01-26T20:31:38.916Z] Platform:      darwin
[debug] [2023-01-26T20:31:38.916Z] Node Version:  v16.15.1
[debug] [2023-01-26T20:31:38.921Z] Time:          Thu Jan 26 2023 15:31:38 GMT-0500 (Eastern Standard Time)
[debug] [2023-01-26T20:31:38.922Z] ----------------------------------------------------------------------
[debug] 
[debug] [2023-01-26T20:31:38.953Z] > command requires scopes: ["email","openid","https://www.googleapis.com/auth/cloudplatformprojects.readonly","https://www.googleapis.com/auth/firebase","https://www.googleapis.com/auth/cloud-platform"]
[debug] [2023-01-26T20:31:38.953Z] > authorizing via signed-in user (modulations@gmail.com)
[debug] [2023-01-26T20:31:38.953Z] [iam] checking project such-service for permissions ["firebase.projects.get","firebasehosting.sites.update"]
[debug] [2023-01-26T20:31:38.955Z] >>> [apiv2][query] POST https://cloudresourcemanager.googleapis.com/v1/projects/such-service:testIamPermissions [none]
[debug] [2023-01-26T20:31:38.955Z] >>> [apiv2][(partial)header] POST https://cloudresourcemanager.googleapis.com/v1/projects/such-service:testIamPermissions x-goog-quota-user=projects/such-service
[debug] [2023-01-26T20:31:38.955Z] >>> [apiv2][body] POST https://cloudresourcemanager.googleapis.com/v1/projects/such-service:testIamPermissions {"permissions":["firebase.projects.get","firebasehosting.sites.update"]}
[debug] [2023-01-26T20:31:39.167Z] <<< [apiv2][status] POST https://cloudresourcemanager.googleapis.com/v1/projects/such-service:testIamPermissions 200
[debug] [2023-01-26T20:31:39.167Z] <<< [apiv2][body] POST https://cloudresourcemanager.googleapis.com/v1/projects/such-service:testIamPermissions {"permissions":["firebase.projects.get","firebasehosting.sites.update"]}
[debug] [2023-01-26T20:31:39.167Z] >>> [apiv2][query] GET https://firebase.googleapis.com/v1beta1/projects/such-service [none]
[debug] [2023-01-26T20:31:39.438Z] <<< [apiv2][status] GET https://firebase.googleapis.com/v1beta1/projects/such-service 200
[debug] [2023-01-26T20:31:39.438Z] <<< [apiv2][body] GET https://firebase.googleapis.com/v1beta1/projects/such-service {"projectId":"such-service","projectNumber":"509163882333","displayName":"such-service","name":"projects/such-service","resources":{"hostingSite":"such-service"},"state":"ACTIVE","etag":"1_4541288c-d9d3-413a-bb2f-ea2bfdf9c89b"}
[debug] [2023-01-26T20:31:40.160Z] >>> [apiv2][query] GET https://firebasehosting.googleapis.com/v1beta1/projects/such-service/sites pageToken=&pageSize=10
[debug] [2023-01-26T20:31:40.597Z] <<< [apiv2][status] GET https://firebasehosting.googleapis.com/v1beta1/projects/such-service/sites 200
[debug] [2023-01-26T20:31:40.597Z] <<< [apiv2][body] GET https://firebasehosting.googleapis.com/v1beta1/projects/such-service/sites {"sites":[{"name":"projects/such-service/sites/such-gallery","defaultUrl":"https://such-gallery.web.app","appId":"1:509163882333:web:5ac2819f1954cbd37c8ab4","type":"USER_SITE"},{"name":"projects/such-service/sites/such-service","defaultUrl":"https://such-service.web.app","type":"DEFAULT_SITE"}]}
[debug] [2023-01-26T20:31:40.598Z] >>> [apiv2][query] GET https://firebasehosting.googleapis.com/v1beta1/projects/such-service/sites 
[debug] [2023-01-26T20:31:41.017Z] <<< [apiv2][status] GET https://firebasehosting.googleapis.com/v1beta1/projects/such-service/sites 200
[debug] [2023-01-26T20:31:41.017Z] <<< [apiv2][body] GET https://firebasehosting.googleapis.com/v1beta1/projects/such-service/sites {"sites":[{"name":"projects/such-service/sites/such-gallery","defaultUrl":"https://such-gallery.web.app","appId":"1:509163882333:web:5ac2819f1954cbd37c8ab4","type":"USER_SITE"},{"name":"projects/such-service/sites/such-service","defaultUrl":"https://such-service.web.app","type":"DEFAULT_SITE"}]}
[debug] [2023-01-26T20:31:41.017Z] >>> [apiv2][query] GET https://firebase.googleapis.com/v1beta1/projects/such-service/webApps/-/config [none]
[debug] [2023-01-26T20:31:41.494Z] <<< [apiv2][status] GET https://firebase.googleapis.com/v1beta1/projects/such-service/webApps/-/config 200
[debug] [2023-01-26T20:31:41.495Z] <<< [apiv2][body] GET https://firebase.googleapis.com/v1beta1/projects/such-service/webApps/-/config {"projectId":"such-service","appId":"1:509163882333:web:5ac2819f1954cbd37c8ab4","storageBucket":"such-service.appspot.com","apiKey":"AIzaSyDw-mcMLn6dVHYG2Rsi_TFaKDKd86sR5UU","authDomain":"such-service.firebaseapp.com","messagingSenderId":"509163882333","measurementId":"G-DV0M362HTP"}
[debug] [2023-01-26T20:31:42.458Z] Error: Invalid environment variables
    at file:///Users/maxjackson/workspace/such.gallery/suchgallery/src/env/server.mjs:16:9
    at ModuleJob.run (node:internal/modules/esm/module_job:198:25)
    at async Promise.all (index 0)
    at async ESMLoader.import (node:internal/modules/esm/loader:385:24)
    at async file:///Users/maxjackson/workspace/such.gallery/suchgallery/next.config.mjs:6:38
[error] 
[error] Error: An unexpected error has occurred.
